{"userName":"vitaliy","productName":"пирожки"}
{"userName":"vitaliy","productName":"часы"}
{"userName":"vitaliy","productName":"носки"}
{"userName":"vitaliy","productName":"трусы"}
{"userName":"vitaliy","productName":"айфон"}
{"userName":"vitaliy","productName":"айфон"}
{"userName":"vitaliy","productName":"айфон"}
{"userName":"vitaliy","productName":"айфон"}
{"userName":"vitaliy","productName":"кувалда"}
{"userName":"vitaliy","productName":"пиво"}
{"userName":"vitaliy","productName":"бензопила"}
{"userName":"artem","productName":"умные часы"}
{"userName":"artem","productName":"умные часы"}
{"userName":"artem","productName":"умные часы"}
{"userName":"artem","productName":"умные часы"}
{"userName":"artem","productName":"умные часы"}
{"userName":"artem","productName":"набор отвёрток"}
{"userName":"artem","productName":"смартфон samsung"}
{"userName":"artem","productName":"смартфон samsung"}
{"userName":"artem","productName":"ноутбук"}
{"userName":"danila","productName":"мороженое"}
{"userName":"danila","productName":"игры"}
{"userName":"danila","productName":"айфон"}
{"userName":"danila","productName":"смартфон"}
{"userName":"danila","productName":"смартфон"}
{"userName":"danila","productName":"смартфон"}
{"userName":"danila","productName":"смартфон"}
